# Pytest Evidence — 2026-04-12 (Builder refresh, đối chiếu Engineering_gửi_Builder.md)

============================= test session starts =============================
platform win32 -- Python 3.10.11, pytest-8.4.2, pluggy-1.6.0 -- .venv\Scripts\python.exe
rootdir: QUAN LY TU VI\TAI_LIEU_DU_AN\backend
plugins: anyio-4.13.0
collecting ... collected 66 items

tests/test_admin_portal.py::test_admin_login_get_ok PASSED               [  1%]
tests/test_admin_portal.py::test_admin_dashboard_redirects_without_cookie PASSED [  3%]
tests/test_conversational_bridge.py::test_webhook_returns_200_immediately PASSED [  4%]
tests/test_conversational_bridge.py::test_webhook_schedules_background_task PASSED [  6%]
tests/test_conversational_bridge.py::test_duplicate_event_is_skipped PASSED [  7%]
tests/test_conversational_bridge.py::test_natural_chat_gets_reply PASSED [  9%]
tests/test_conversational_bridge.py::test_birth_data_extraction_from_natural_language PASSED [ 10%]
tests/test_conversational_bridge.py::test_missing_fields_trigger_targeted_question PASSED [ 12%]
tests/test_conversational_bridge.py::test_targeted_parse_birth_hour_16_not_loop PASSED [ 13%]
tests/test_conversational_bridge.py::test_targeted_parse_16h30p_sets_hour_and_minute PASSED [ 15%]
tests/test_conversational_bridge.py::test_parse_targeted_fields_unit PASSED [ 16%]
tests/test_conversational_bridge.py::test_kb2_shows_summary_before_generate PASSED [ 18%]
tests/test_conversational_bridge.py::test_kb2_confirm_triggers_chart_generation PASSED [ 19%]
tests/test_conversational_bridge.py::test_followup_after_chart_uses_chart_context PASSED [ 21%]
tests/test_conversational_bridge.py::test_long_messages_split_safely PASSED [ 22%]
tests/test_conversational_bridge.py::test_background_failure_is_logged PASSED [ 24%]
tests/test_data_subject_unit.py::test_anonymize_rejects_empty_sender PASSED [ 25%]
tests/test_env_merge.py::test_merge_preserves_unrelated_keys PASSED      [ 27%]
tests/test_env_merge.py::test_merge_appends_new_keys PASSED              [ 28%]
tests/test_env_merge.py::test_merge_creates_file PASSED                  [ 30%]
tests/test_event_dedupe_key.py::test_dedupe_key_uses_message_mid PASSED  [ 31%]
tests/test_event_dedupe_key.py::test_dedupe_key_postback_fallback PASSED [ 33%]
tests/test_flow_routing.py::test_priority_intake_over_paid PASSED        [ 34%]
tests/test_flow_routing.py::test_priority_paid_over_returning PASSED     [ 36%]
tests/test_flow_routing.py::test_returning_unpaid_before_entry_source PASSED [ 37%]
tests/test_flow_routing.py::test_entry_love_career_general PASSED        [ 39%]
tests/test_flow_routing.py::test_default_entry_organic PASSED            [ 40%]
tests/test_generate_error_handling.py::test_case1_happy_path_reading_created_and_completed PASSED [ 42%]
tests/test_generate_error_handling.py::test_case2_config_error_does_not_reset_session PASSED [ 43%]
tests/test_generate_error_handling.py::test_case3_db_storage_error_does_not_reset_session PASSED [ 45%]
tests/test_generate_error_handling.py::test_case4_unexpected_exception_graceful_response PASSED [ 46%]
tests/test_log_redact_nhip3.py::test_redact_log_line_patterns[prefix sk-12345678901234567890 suffix-[REDACTED]] PASSED [ 48%]
tests/test_log_redact_nhip3.py::test_redact_log_line_patterns[OPENAI_API_KEY=secret_here-[REDACTED]] PASSED [ 50%]
tests/test_log_redact_nhip3.py::test_redact_log_line_patterns[postgresql://u:p@host:5432/db-[REDACTED]] PASSED [ 51%]
tests/test_log_redact_nhip3.py::test_redact_log_line_patterns[Bearer eyJhbGciOiJIUzI1NiIsInR5cCI6IkpXVCJ9.eyJzdWIiOiIxMjM0NTY3ODkwIn0-[REDACTED]] PASSED [ 53%]
tests/test_log_redact_nhip3.py::test_redacting_formatter_masks_secret_in_output PASSED [ 54%]
tests/test_messenger_footer_env.py::test_build_messenger_outbound_reads_env PASSED [ 56%]
tests/test_messenger_footer_env.py::test_build_messenger_outbound_order_reading_bank_ceo PASSED [ 57%]
tests/test_messenger_footer_env.py::test_missing_env_raises PASSED       [ 59%]
tests/test_messenger_footer_env.py::test_getters_strip_whitespace PASSED [ 60%]
tests/test_messenger_footer_env.py::test_redact_log_line_masks_openai_key_assignment PASSED [ 62%]
tests/test_messenger_footer_env.py::test_redact_log_line_masks_database_url PASSED [ 63%]
tests/test_messenger_footer_env.py::test_restart_banner_text_nonempty PASSED [ 65%]
tests/test_nhip3_health.py::test_health_ok PASSED                        [ 66%]
tests/test_nhip3_health.py::test_health_includes_git_metadata_when_set PASSED [ 68%]
tests/test_payload_handler.py::test_secondary_returning_unpaid_emits_upsell_secondary PASSED [ 69%]
tests/test_profile_awareness.py::test_profile_clarification_once_for_returning_flow PASSED [ 71%]
tests/test_profile_awareness.py::test_no_clarification_when_already_shown PASSED [ 72%]
tests/test_tuvi_engine.py::test_anchor_1911_01_01_tan_mui PASSED         [ 74%]
tests/test_tuvi_engine.py::test_no_day_shift_hour_does_not_change_day_pillar PASSED [ 75%]
tests/test_tuvi_engine.py::test_lunar_input_path_converts_to_solar_before_domain PASSED [ 77%]
tests/test_tuvi_engine.py::test_lunar_roundtrip_solar_present PASSED     [ 78%]
tests/test_tuvi_engine.py::test_determinism_same_normalized_same_chart_hash PASSED [ 80%]
tests/test_tuvi_engine.py::test_final_message_order PASSED               [ 81%]
tests/test_tuvi_engine.py::test_golden_sample_a_anchor_1911 PASSED       [ 83%]
tests/test_tuvi_engine.py::test_golden_sample_b_nguyen_manh_linh_1994 PASSED [ 84%]
tests/test_webhook_background.py::test_case1_webhook_returns_200_immediately PASSED [ 86%]
tests/test_webhook_background.py::test_case2_background_task_scheduled_with_correct_args PASSED [ 87%]
tests/test_webhook_background.py::test_case3_duplicate_mid_is_skipped PASSED [ 89%]
tests/test_webhook_background.py::test_case4_pipeline_calls_handle_then_send PASSED [ 90%]
tests/test_webhook_background.py::test_case5_pipeline_failure_is_logged PASSED [ 92%]
tests/test_webhook_dedupe_cleanup.py::test_retention_hours_locked_24 PASSED [ 93%]
tests/test_webhook_dedupe_cleanup.py::test_cleanup_returns_zero_when_table_missing PASSED [ 95%]
tests/test_webhook_payload_limit.py::test_webhook_post_rejects_oversized_body PASSED [ 96%]
tests/test_webhook_signature.py::test_verify_meta_webhook_signature_ok PASSED [ 98%]
tests/test_webhook_signature.py::test_verify_meta_webhook_signature_rejects_bad_sig PASSED [100%]

============================= 66 passed in 10.57s =============================
